[debug] [2023-04-10T09:31:54.863Z] ----------------------------------------------------------------------
[debug] [2023-04-10T09:31:54.863Z] Command:       /Users/hosokawaharuka/.nodebrew/node/v18.14.1/bin/node /Users/hosokawaharuka/.nodebrew/current/bin/firebase deploy -m 背景クリックでのモーダル非表示、<Dish>内料理一覧の非コンポーネント化
[debug] [2023-04-10T09:31:54.864Z] CLI Version:   11.25.3
[debug] [2023-04-10T09:31:54.864Z] Platform:      darwin
[debug] [2023-04-10T09:31:54.864Z] Node Version:  v18.14.1
[debug] [2023-04-10T09:31:54.865Z] Time:          Mon Apr 10 2023 18:31:54 GMT+0900 (日本標準時)
[debug] [2023-04-10T09:31:54.865Z] ----------------------------------------------------------------------
[debug] 
[debug] [2023-04-10T09:31:54.898Z] > command requires scopes: ["email","openid","https://www.googleapis.com/auth/cloudplatformprojects.readonly","https://www.googleapis.com/auth/firebase","https://www.googleapis.com/auth/cloud-platform"]
[debug] [2023-04-10T09:31:54.898Z] > authorizing via signed-in user (hskwhrk.ooaaaua.924@gmail.com)
[debug] [2023-04-10T09:31:54.898Z] [iam] checking project fir-app-57788 for permissions ["datastore.indexes.create","datastore.indexes.delete","datastore.indexes.list","datastore.indexes.update","firebase.projects.get","firebasehosting.sites.update","firebaserules.releases.create","firebaserules.releases.update","firebaserules.rulesets.create"]
[debug] [2023-04-10T09:31:54.899Z] > refreshing access token with scopes: []
[debug] [2023-04-10T09:31:54.899Z] >>> [apiv2][query] POST https://www.googleapis.com/oauth2/v3/token [none]
[debug] [2023-04-10T09:31:54.899Z] >>> [apiv2][body] POST https://www.googleapis.com/oauth2/v3/token [omitted]
[debug] [2023-04-10T09:31:55.116Z] <<< [apiv2][status] POST https://www.googleapis.com/oauth2/v3/token 200
[debug] [2023-04-10T09:31:55.117Z] <<< [apiv2][body] POST https://www.googleapis.com/oauth2/v3/token [omitted]
[debug] [2023-04-10T09:31:55.130Z] >>> [apiv2][query] POST https://cloudresourcemanager.googleapis.com/v1/projects/fir-app-57788:testIamPermissions [none]
[debug] [2023-04-10T09:31:55.131Z] >>> [apiv2][(partial)header] POST https://cloudresourcemanager.googleapis.com/v1/projects/fir-app-57788:testIamPermissions x-goog-quota-user=projects/fir-app-57788
[debug] [2023-04-10T09:31:55.131Z] >>> [apiv2][body] POST https://cloudresourcemanager.googleapis.com/v1/projects/fir-app-57788:testIamPermissions {"permissions":["datastore.indexes.create","datastore.indexes.delete","datastore.indexes.list","datastore.indexes.update","firebase.projects.get","firebasehosting.sites.update","firebaserules.releases.create","firebaserules.releases.update","firebaserules.rulesets.create"]}
[debug] [2023-04-10T09:31:55.898Z] <<< [apiv2][status] POST https://cloudresourcemanager.googleapis.com/v1/projects/fir-app-57788:testIamPermissions 200
[debug] [2023-04-10T09:31:55.899Z] <<< [apiv2][body] POST https://cloudresourcemanager.googleapis.com/v1/projects/fir-app-57788:testIamPermissions {"permissions":["datastore.indexes.create","datastore.indexes.delete","datastore.indexes.list","datastore.indexes.update","firebase.projects.get","firebasehosting.sites.update","firebaserules.releases.create","firebaserules.releases.update","firebaserules.rulesets.create"]}
[debug] [2023-04-10T09:31:55.900Z] >>> [apiv2][query] GET https://firebase.googleapis.com/v1beta1/projects/fir-app-57788 [none]
[debug] [2023-04-10T09:31:56.375Z] <<< [apiv2][status] GET https://firebase.googleapis.com/v1beta1/projects/fir-app-57788 200
[debug] [2023-04-10T09:31:56.375Z] <<< [apiv2][body] GET https://firebase.googleapis.com/v1beta1/projects/fir-app-57788 {"projectId":"fir-app-57788","projectNumber":"952323488305","displayName":"firebase-app","name":"projects/fir-app-57788","resources":{"hostingSite":"fir-app-57788","storageBucket":"fir-app-57788.appspot.com","locationId":"asia-northeast1"},"state":"ACTIVE","etag":"1_a9f048ed-9a68-4123-8e4f-bd5ddb08b087"}
[info] 
[info] === Deploying to 'fir-app-57788'...
[info] 
[info] i  deploying storage, firestore, hosting 
[debug] [2023-04-10T09:31:56.377Z] >>> [apiv2][query] GET https://appengine.googleapis.com/v1/apps/fir-app-57788 [none]
[debug] [2023-04-10T09:31:56.639Z] <<< [apiv2][status] GET https://appengine.googleapis.com/v1/apps/fir-app-57788 200
[debug] [2023-04-10T09:31:56.639Z] <<< [apiv2][body] GET https://appengine.googleapis.com/v1/apps/fir-app-57788 {"name":"apps/fir-app-57788","id":"fir-app-57788","authDomain":"gmail.com","locationId":"asia-northeast1","codeBucket":"staging.fir-app-57788.appspot.com","servingStatus":"SERVING","defaultHostname":"fir-app-57788.an.r.appspot.com","defaultBucket":"fir-app-57788.appspot.com","serviceAccount":"fir-app-57788@appspot.gserviceaccount.com","gcrDomain":"asia.gcr.io","databaseType":"CLOUD_FIRESTORE","featureSettings":{"splitHealthChecks":true,"useContainerOptimizedOs":true}}
[info] i  firebase.storage: checking storage.rules for compilation errors... 
[debug] [2023-04-10T09:31:56.644Z] >>> [apiv2][query] POST https://firebaserules.googleapis.com/v1/projects/fir-app-57788:test [none]
[debug] [2023-04-10T09:31:56.644Z] >>> [apiv2][body] POST https://firebaserules.googleapis.com/v1/projects/fir-app-57788:test [omitted]
[debug] [2023-04-10T09:31:57.093Z] <<< [apiv2][status] POST https://firebaserules.googleapis.com/v1/projects/fir-app-57788:test 200
[debug] [2023-04-10T09:31:57.093Z] <<< [apiv2][body] POST https://firebaserules.googleapis.com/v1/projects/fir-app-57788:test {}
[info] ✔  firebase.storage: rules file storage.rules compiled successfully 
[info] i  firestore: reading indexes from firestore.indexes.json... 
[info] i  cloud.firestore: checking firestore.rules for compilation errors... 
[debug] [2023-04-10T09:31:57.098Z] >>> [apiv2][query] POST https://firebaserules.googleapis.com/v1/projects/fir-app-57788:test [none]
[debug] [2023-04-10T09:31:57.098Z] >>> [apiv2][body] POST https://firebaserules.googleapis.com/v1/projects/fir-app-57788:test [omitted]
[debug] [2023-04-10T09:31:58.224Z] <<< [apiv2][status] POST https://firebaserules.googleapis.com/v1/projects/fir-app-57788:test 200
[debug] [2023-04-10T09:31:58.224Z] <<< [apiv2][body] POST https://firebaserules.googleapis.com/v1/projects/fir-app-57788:test {}
[info] ✔  cloud.firestore: rules file firestore.rules compiled successfully 
[debug] [2023-04-10T09:31:58.230Z] >>> [apiv2][query] POST https://firebasehosting.googleapis.com/v1beta1/projects/-/sites/fir-app-57788/versions [none]
[debug] [2023-04-10T09:31:58.230Z] >>> [apiv2][body] POST https://firebasehosting.googleapis.com/v1beta1/projects/-/sites/fir-app-57788/versions {"status":"CREATED","labels":{"deployment-tool":"cli-firebase"}}
[debug] [2023-04-10T09:31:59.547Z] <<< [apiv2][status] POST https://firebasehosting.googleapis.com/v1beta1/projects/-/sites/fir-app-57788/versions 200
[debug] [2023-04-10T09:31:59.547Z] <<< [apiv2][body] POST https://firebasehosting.googleapis.com/v1beta1/projects/-/sites/fir-app-57788/versions {"name":"projects/952323488305/sites/fir-app-57788/versions/f3d95fe862e2a89f","status":"CREATED","config":{},"labels":{"deployment-tool":"cli-firebase"}}
[debug] [2023-04-10T09:31:59.549Z] >>> [apiv2][query] GET https://firebaserules.googleapis.com/v1/projects/fir-app-57788/releases pageSize=10&pageToken=
[debug] [2023-04-10T09:32:00.780Z] <<< [apiv2][status] GET https://firebaserules.googleapis.com/v1/projects/fir-app-57788/releases 200
[debug] [2023-04-10T09:32:00.780Z] <<< [apiv2][body] GET https://firebaserules.googleapis.com/v1/projects/fir-app-57788/releases {"releases":[{"name":"projects/fir-app-57788/releases/cloud.firestore","rulesetName":"projects/fir-app-57788/rulesets/643bcd62-da45-4479-ac8a-664b7f6cba17","createTime":"2023-03-16T05:23:14.129525Z","updateTime":"2023-04-10T08:51:30.700519Z"},{"name":"projects/fir-app-57788/releases/firebase.storage/fir-app-57788.appspot.com","rulesetName":"projects/fir-app-57788/rulesets/9fcd2775-1450-4670-8404-3a5782684149","createTime":"2023-04-06T03:46:04.843955Z","updateTime":"2023-04-10T08:51:29.531427Z"}]}
[debug] [2023-04-10T09:32:00.800Z] >>> [apiv2][query] GET https://firebaserules.googleapis.com/v1/projects/fir-app-57788/rulesets/9fcd2775-1450-4670-8404-3a5782684149 [none]
[debug] [2023-04-10T09:32:02.008Z] <<< [apiv2][status] GET https://firebaserules.googleapis.com/v1/projects/fir-app-57788/rulesets/9fcd2775-1450-4670-8404-3a5782684149 200
[debug] [2023-04-10T09:32:02.009Z] <<< [apiv2][body] GET https://firebaserules.googleapis.com/v1/projects/fir-app-57788/rulesets/9fcd2775-1450-4670-8404-3a5782684149 [omitted]
[info] i  storage: latest version of storage.rules already up to date, skipping upload... 
[info] i  firestore: deploying indexes... 
[debug] [2023-04-10T09:32:02.013Z] >>> [apiv2][query] GET https://firebaserules.googleapis.com/v1/projects/fir-app-57788/releases pageSize=10&pageToken=
[debug] [2023-04-10T09:32:02.017Z] >>> [apiv2][query] GET https://firestore.googleapis.com/v1/projects/fir-app-57788/databases/(default)/collectionGroups/-/indexes [none]
[debug] [2023-04-10T09:32:02.281Z] <<< [apiv2][status] GET https://firestore.googleapis.com/v1/projects/fir-app-57788/databases/(default)/collectionGroups/-/indexes 200
[debug] [2023-04-10T09:32:02.281Z] <<< [apiv2][body] GET https://firestore.googleapis.com/v1/projects/fir-app-57788/databases/(default)/collectionGroups/-/indexes {}
[debug] [2023-04-10T09:32:02.282Z] >>> [apiv2][query] GET https://firestore.googleapis.com/v1/projects/fir-app-57788/databases/(default)/collectionGroups/-/fields?filter=indexConfig.usesAncestorConfig=false OR ttlConfig:* [none]
[debug] [2023-04-10T09:32:02.493Z] <<< [apiv2][status] GET https://firestore.googleapis.com/v1/projects/fir-app-57788/databases/(default)/collectionGroups/-/fields?filter=indexConfig.usesAncestorConfig=false OR ttlConfig:* 200
[debug] [2023-04-10T09:32:02.494Z] <<< [apiv2][body] GET https://firestore.googleapis.com/v1/projects/fir-app-57788/databases/(default)/collectionGroups/-/fields?filter=indexConfig.usesAncestorConfig=false OR ttlConfig:* {"fields":[{"name":"projects/fir-app-57788/databases/(default)/collectionGroups/__default__/fields/*","indexConfig":{"indexes":[{"queryScope":"COLLECTION","fields":[{"fieldPath":"*","order":"ASCENDING"}],"state":"READY"},{"queryScope":"COLLECTION","fields":[{"fieldPath":"*","order":"DESCENDING"}],"state":"READY"},{"queryScope":"COLLECTION","fields":[{"fieldPath":"*","arrayConfig":"CONTAINS"}],"state":"READY"}]}}]}
[info] ✔  firestore: deployed indexes in firestore.indexes.json successfully for (default) database 
[debug] [2023-04-10T09:32:03.236Z] <<< [apiv2][status] GET https://firebaserules.googleapis.com/v1/projects/fir-app-57788/releases 200
[debug] [2023-04-10T09:32:03.237Z] <<< [apiv2][body] GET https://firebaserules.googleapis.com/v1/projects/fir-app-57788/releases {"releases":[{"name":"projects/fir-app-57788/releases/cloud.firestore","rulesetName":"projects/fir-app-57788/rulesets/643bcd62-da45-4479-ac8a-664b7f6cba17","createTime":"2023-03-16T05:23:14.129525Z","updateTime":"2023-04-10T08:51:30.700519Z"},{"name":"projects/fir-app-57788/releases/firebase.storage/fir-app-57788.appspot.com","rulesetName":"projects/fir-app-57788/rulesets/9fcd2775-1450-4670-8404-3a5782684149","createTime":"2023-04-06T03:46:04.843955Z","updateTime":"2023-04-10T08:51:29.531427Z"}]}
[debug] [2023-04-10T09:32:03.237Z] >>> [apiv2][query] GET https://firebaserules.googleapis.com/v1/projects/fir-app-57788/rulesets/643bcd62-da45-4479-ac8a-664b7f6cba17 [none]
[debug] [2023-04-10T09:32:04.359Z] <<< [apiv2][status] GET https://firebaserules.googleapis.com/v1/projects/fir-app-57788/rulesets/643bcd62-da45-4479-ac8a-664b7f6cba17 200
[debug] [2023-04-10T09:32:04.359Z] <<< [apiv2][body] GET https://firebaserules.googleapis.com/v1/projects/fir-app-57788/rulesets/643bcd62-da45-4479-ac8a-664b7f6cba17 [omitted]
[info] i  firestore: latest version of firestore.rules already up to date, skipping upload... 
[info] i  hosting[fir-app-57788]: beginning deploy... 
[info] i  hosting[fir-app-57788]: found 19 files in build 
[debug] [2023-04-10T09:32:04.372Z] [hosting] uploading with 200 concurrency
[debug] [2023-04-10T09:32:04.679Z] [hosting] hash cache [YnVpbGQ] stored for 19 files
[debug] [2023-04-10T09:32:04.679Z] [hosting][hash queue][FINAL] {"max":298,"min":8,"avg":25.842105263157894,"active":0,"complete":19,"success":19,"errored":0,"retried":0,"total":19,"elapsed":303}
[debug] [2023-04-10T09:32:04.679Z] >>> [apiv2][query] POST https://firebasehosting.googleapis.com/v1beta1/projects/952323488305/sites/fir-app-57788/versions/f3d95fe862e2a89f:populateFiles [none]
[debug] [2023-04-10T09:32:04.679Z] >>> [apiv2][body] POST https://firebasehosting.googleapis.com/v1beta1/projects/952323488305/sites/fir-app-57788/versions/f3d95fe862e2a89f:populateFiles {"files":{"/asset-manifest.json":"726fa201a296cedc8301a0b1b358a82eabc8f9d6257dd236197dcf28d76305f5","/index.html":"ef31e8b55648f85d792661423883d45e44b19876951f1e3d53492d724125cbd3","/manifest.json":"341d52628782f8ac9290bbfc43298afccb47b7cbfcee146ae30cf0f46bc30900","/robots.txt":"391d14b3c2f8c9143a27a28c7399585142228d4d1bdbe2c87ac946de411fa9a2","/logo192.png":"caff018b7f1e8fd481eb1c50d75b0ef236bcd5078b1d15c8bb348453fee30293","/favicon.ico":"b72f7455f00e4e58792d2bca892abb068e2213838c0316d6b7a0d6d16acd1955","/static/css/main.a3a71378.css":"741c9c67a6d9ff1a6d0d82eab84b38144ff2c1c906dd2d186399a49d0c5122ef","/static/css/main.a3a71378.css.map":"5e738d91b89719979428bcac21c4f97e3a6ca5679e9b8f5fd07c65ab17b9a0cc","/static/js/787.3c880708.chunk.js":"eb8f57313d1c564df4de4c0d0e4ed006bd6003cf07a8069355b8fc9556308ac4","/logo512.png":"191fc21360b4ccfb1cda11a1efb97f489ed22672ca83f4064316802bbfdd750e","/static/js/main.7e52223e.js.LICENSE.txt":"40794d24bdd7225d98f59159e034a0269de9a96ad2a9dc5efbedbdd2f0b88722","/static/js/787.3c880708.chunk.js.map":"ff59c862a6c61fbc08866a8fd42cb55b8281d2aa358e6c42388b0addbf7a740d","/static/media/heart5.503bd65bf1b43f8dfed1.png":"2f689b6ce54d2910f34e6c67e4b2f7644335bd39bb00d67c377fa6a948f5871d","/static/media/heart1.53233b3e94e8d36c0e73.png":"388bfe9bed67d5c4ca96e7b472e46b8eef6aaa0f8dd54d0d13925bd3263aa5b9","/static/media/heart2.bc296be88c9b2a124bff.png":"97cf0ce88fc903486cbe0398b2f9b7095b2031d642a4ed6dce7b784df232933f","/static/media/heart4.44418cc2e24c193a00ba.png":"8a3a04aa46aa25a0513cf459b4aa80b93a4828fb96f305375150196c08d3a64f","/static/media/heart3.6822b5fdb1d007055731.png":"2580f72b9271fd622ca1bea3c059deab392cf1da4b048956ab7fb12280e866d3","/static/js/main.7e52223e.js":"e7ee637d4306179c0752b13f0429d53194fdec73cfe86282a320464b4b66a235","/static/js/main.7e52223e.js.map":"87bb82ba953dcef52dcf25fe92e8b61b9b06b6e625f3648d3c3913ccd5af4e25"}}
[debug] [2023-04-10T09:32:05.733Z] <<< [apiv2][status] POST https://firebasehosting.googleapis.com/v1beta1/projects/952323488305/sites/fir-app-57788/versions/f3d95fe862e2a89f:populateFiles 200
[debug] [2023-04-10T09:32:05.733Z] <<< [apiv2][body] POST https://firebasehosting.googleapis.com/v1beta1/projects/952323488305/sites/fir-app-57788/versions/f3d95fe862e2a89f:populateFiles {"uploadRequiredHashes":["5e738d91b89719979428bcac21c4f97e3a6ca5679e9b8f5fd07c65ab17b9a0cc","ef31e8b55648f85d792661423883d45e44b19876951f1e3d53492d724125cbd3","e7ee637d4306179c0752b13f0429d53194fdec73cfe86282a320464b4b66a235","741c9c67a6d9ff1a6d0d82eab84b38144ff2c1c906dd2d186399a49d0c5122ef","726fa201a296cedc8301a0b1b358a82eabc8f9d6257dd236197dcf28d76305f5","87bb82ba953dcef52dcf25fe92e8b61b9b06b6e625f3648d3c3913ccd5af4e25"],"uploadUrl":"https://upload-firebasehosting.googleapis.com/upload/sites/fir-app-57788/versions/f3d95fe862e2a89f/files"}
[debug] [2023-04-10T09:32:05.736Z] >>> [apiv2][query] POST https://upload-firebasehosting.googleapis.com/upload/sites/fir-app-57788/versions/f3d95fe862e2a89f/files/5e738d91b89719979428bcac21c4f97e3a6ca5679e9b8f5fd07c65ab17b9a0cc [none]
[debug] [2023-04-10T09:32:05.737Z] >>> [apiv2][body] POST https://upload-firebasehosting.googleapis.com/upload/sites/fir-app-57788/versions/f3d95fe862e2a89f/files/5e738d91b89719979428bcac21c4f97e3a6ca5679e9b8f5fd07c65ab17b9a0cc [stream]
[debug] [2023-04-10T09:32:05.739Z] >>> [apiv2][query] POST https://upload-firebasehosting.googleapis.com/upload/sites/fir-app-57788/versions/f3d95fe862e2a89f/files/ef31e8b55648f85d792661423883d45e44b19876951f1e3d53492d724125cbd3 [none]
[debug] [2023-04-10T09:32:05.739Z] >>> [apiv2][body] POST https://upload-firebasehosting.googleapis.com/upload/sites/fir-app-57788/versions/f3d95fe862e2a89f/files/ef31e8b55648f85d792661423883d45e44b19876951f1e3d53492d724125cbd3 [stream]
[debug] [2023-04-10T09:32:05.740Z] >>> [apiv2][query] POST https://upload-firebasehosting.googleapis.com/upload/sites/fir-app-57788/versions/f3d95fe862e2a89f/files/e7ee637d4306179c0752b13f0429d53194fdec73cfe86282a320464b4b66a235 [none]
[debug] [2023-04-10T09:32:05.740Z] >>> [apiv2][body] POST https://upload-firebasehosting.googleapis.com/upload/sites/fir-app-57788/versions/f3d95fe862e2a89f/files/e7ee637d4306179c0752b13f0429d53194fdec73cfe86282a320464b4b66a235 [stream]
[debug] [2023-04-10T09:32:05.741Z] >>> [apiv2][query] POST https://upload-firebasehosting.googleapis.com/upload/sites/fir-app-57788/versions/f3d95fe862e2a89f/files/741c9c67a6d9ff1a6d0d82eab84b38144ff2c1c906dd2d186399a49d0c5122ef [none]
[debug] [2023-04-10T09:32:05.741Z] >>> [apiv2][body] POST https://upload-firebasehosting.googleapis.com/upload/sites/fir-app-57788/versions/f3d95fe862e2a89f/files/741c9c67a6d9ff1a6d0d82eab84b38144ff2c1c906dd2d186399a49d0c5122ef [stream]
[debug] [2023-04-10T09:32:05.743Z] >>> [apiv2][query] POST https://upload-firebasehosting.googleapis.com/upload/sites/fir-app-57788/versions/f3d95fe862e2a89f/files/726fa201a296cedc8301a0b1b358a82eabc8f9d6257dd236197dcf28d76305f5 [none]
[debug] [2023-04-10T09:32:05.743Z] >>> [apiv2][body] POST https://upload-firebasehosting.googleapis.com/upload/sites/fir-app-57788/versions/f3d95fe862e2a89f/files/726fa201a296cedc8301a0b1b358a82eabc8f9d6257dd236197dcf28d76305f5 [stream]
[debug] [2023-04-10T09:32:05.744Z] >>> [apiv2][query] POST https://upload-firebasehosting.googleapis.com/upload/sites/fir-app-57788/versions/f3d95fe862e2a89f/files/87bb82ba953dcef52dcf25fe92e8b61b9b06b6e625f3648d3c3913ccd5af4e25 [none]
[debug] [2023-04-10T09:32:05.744Z] >>> [apiv2][body] POST https://upload-firebasehosting.googleapis.com/upload/sites/fir-app-57788/versions/f3d95fe862e2a89f/files/87bb82ba953dcef52dcf25fe92e8b61b9b06b6e625f3648d3c3913ccd5af4e25 [stream]
[debug] [2023-04-10T09:32:05.746Z] [hosting][populate queue][FINAL] {"max":1058,"min":1058,"avg":1058,"active":0,"complete":1,"success":1,"errored":0,"retried":0,"total":1,"elapsed":1068}
[debug] [2023-04-10T09:32:05.746Z] [hosting] uploads queued: 6
[debug] [2023-04-10T09:32:07.326Z] <<< [apiv2][status] POST https://upload-firebasehosting.googleapis.com/upload/sites/fir-app-57788/versions/f3d95fe862e2a89f/files/ef31e8b55648f85d792661423883d45e44b19876951f1e3d53492d724125cbd3 200
[debug] [2023-04-10T09:32:07.326Z] <<< [apiv2][body] POST https://upload-firebasehosting.googleapis.com/upload/sites/fir-app-57788/versions/f3d95fe862e2a89f/files/ef31e8b55648f85d792661423883d45e44b19876951f1e3d53492d724125cbd3 [stream]
[debug] [2023-04-10T09:32:07.344Z] <<< [apiv2][status] POST https://upload-firebasehosting.googleapis.com/upload/sites/fir-app-57788/versions/f3d95fe862e2a89f/files/5e738d91b89719979428bcac21c4f97e3a6ca5679e9b8f5fd07c65ab17b9a0cc 200
[debug] [2023-04-10T09:32:07.344Z] <<< [apiv2][body] POST https://upload-firebasehosting.googleapis.com/upload/sites/fir-app-57788/versions/f3d95fe862e2a89f/files/5e738d91b89719979428bcac21c4f97e3a6ca5679e9b8f5fd07c65ab17b9a0cc [stream]
[debug] [2023-04-10T09:32:07.588Z] <<< [apiv2][status] POST https://upload-firebasehosting.googleapis.com/upload/sites/fir-app-57788/versions/f3d95fe862e2a89f/files/741c9c67a6d9ff1a6d0d82eab84b38144ff2c1c906dd2d186399a49d0c5122ef 200
[debug] [2023-04-10T09:32:07.588Z] <<< [apiv2][body] POST https://upload-firebasehosting.googleapis.com/upload/sites/fir-app-57788/versions/f3d95fe862e2a89f/files/741c9c67a6d9ff1a6d0d82eab84b38144ff2c1c906dd2d186399a49d0c5122ef [stream]
[debug] [2023-04-10T09:32:07.642Z] <<< [apiv2][status] POST https://upload-firebasehosting.googleapis.com/upload/sites/fir-app-57788/versions/f3d95fe862e2a89f/files/e7ee637d4306179c0752b13f0429d53194fdec73cfe86282a320464b4b66a235 200
[debug] [2023-04-10T09:32:07.643Z] <<< [apiv2][body] POST https://upload-firebasehosting.googleapis.com/upload/sites/fir-app-57788/versions/f3d95fe862e2a89f/files/e7ee637d4306179c0752b13f0429d53194fdec73cfe86282a320464b4b66a235 [stream]
[debug] [2023-04-10T09:32:08.409Z] <<< [apiv2][status] POST https://upload-firebasehosting.googleapis.com/upload/sites/fir-app-57788/versions/f3d95fe862e2a89f/files/726fa201a296cedc8301a0b1b358a82eabc8f9d6257dd236197dcf28d76305f5 200
[debug] [2023-04-10T09:32:08.409Z] <<< [apiv2][body] POST https://upload-firebasehosting.googleapis.com/upload/sites/fir-app-57788/versions/f3d95fe862e2a89f/files/726fa201a296cedc8301a0b1b358a82eabc8f9d6257dd236197dcf28d76305f5 [stream]
[debug] [2023-04-10T09:32:08.495Z] <<< [apiv2][status] POST https://upload-firebasehosting.googleapis.com/upload/sites/fir-app-57788/versions/f3d95fe862e2a89f/files/87bb82ba953dcef52dcf25fe92e8b61b9b06b6e625f3648d3c3913ccd5af4e25 200
[debug] [2023-04-10T09:32:08.495Z] <<< [apiv2][body] POST https://upload-firebasehosting.googleapis.com/upload/sites/fir-app-57788/versions/f3d95fe862e2a89f/files/87bb82ba953dcef52dcf25fe92e8b61b9b06b6e625f3648d3c3913ccd5af4e25 [stream]
[debug] [2023-04-10T09:32:08.495Z] [hosting][upload queue][FINAL] {"max":2759,"min":1592,"avg":2065.8333333333335,"active":0,"complete":6,"success":6,"errored":0,"retried":0,"total":6,"elapsed":2761}
[info] ✔  hosting[fir-app-57788]: file upload complete 
[debug] [2023-04-10T09:32:08.497Z] [hosting] deploy completed after 4134ms
[debug] [2023-04-10T09:32:08.503Z] [rules] releasing firebase.storage/fir-app-57788.appspot.com with ruleset projects/fir-app-57788/rulesets/9fcd2775-1450-4670-8404-3a5782684149
[debug] [2023-04-10T09:32:08.503Z] >>> [apiv2][query] PATCH https://firebaserules.googleapis.com/v1/projects/fir-app-57788/releases/firebase.storage/fir-app-57788.appspot.com [none]
[debug] [2023-04-10T09:32:08.503Z] >>> [apiv2][body] PATCH https://firebaserules.googleapis.com/v1/projects/fir-app-57788/releases/firebase.storage/fir-app-57788.appspot.com {"release":{"name":"projects/fir-app-57788/releases/firebase.storage/fir-app-57788.appspot.com","rulesetName":"projects/fir-app-57788/rulesets/9fcd2775-1450-4670-8404-3a5782684149"}}
[debug] [2023-04-10T09:32:09.687Z] <<< [apiv2][status] PATCH https://firebaserules.googleapis.com/v1/projects/fir-app-57788/releases/firebase.storage/fir-app-57788.appspot.com 200
[debug] [2023-04-10T09:32:09.687Z] <<< [apiv2][body] PATCH https://firebaserules.googleapis.com/v1/projects/fir-app-57788/releases/firebase.storage/fir-app-57788.appspot.com {"name":"projects/fir-app-57788/releases/firebase.storage/fir-app-57788.appspot.com","rulesetName":"projects/fir-app-57788/rulesets/9fcd2775-1450-4670-8404-3a5782684149","createTime":"2023-04-06T03:46:04.843955Z","updateTime":"2023-04-10T09:32:09.540881Z"}
[debug] [2023-04-10T09:32:09.687Z] [rules] updated release projects/fir-app-57788/releases/firebase.storage/fir-app-57788.appspot.com
[info] ✔  storage: released rules storage.rules to firebase.storage 
[debug] [2023-04-10T09:32:09.688Z] [rules] releasing cloud.firestore/(default) with ruleset projects/fir-app-57788/rulesets/643bcd62-da45-4479-ac8a-664b7f6cba17
[debug] [2023-04-10T09:32:09.688Z] >>> [apiv2][query] PATCH https://firebaserules.googleapis.com/v1/projects/fir-app-57788/releases/cloud.firestore/(default) [none]
[debug] [2023-04-10T09:32:09.688Z] >>> [apiv2][body] PATCH https://firebaserules.googleapis.com/v1/projects/fir-app-57788/releases/cloud.firestore/(default) {"release":{"name":"projects/fir-app-57788/releases/cloud.firestore/(default)","rulesetName":"projects/fir-app-57788/rulesets/643bcd62-da45-4479-ac8a-664b7f6cba17"}}
[debug] [2023-04-10T09:32:10.068Z] <<< [apiv2][status] PATCH https://firebaserules.googleapis.com/v1/projects/fir-app-57788/releases/cloud.firestore/(default) 200
[debug] [2023-04-10T09:32:10.069Z] <<< [apiv2][body] PATCH https://firebaserules.googleapis.com/v1/projects/fir-app-57788/releases/cloud.firestore/(default) {"name":"projects/fir-app-57788/releases/cloud.firestore","rulesetName":"projects/fir-app-57788/rulesets/643bcd62-da45-4479-ac8a-664b7f6cba17","createTime":"2023-03-16T05:23:14.129525Z","updateTime":"2023-04-10T09:32:09.943960Z"}
[debug] [2023-04-10T09:32:10.069Z] [rules] updated release projects/fir-app-57788/releases/cloud.firestore
[info] ✔  firestore: released rules firestore.rules to cloud.firestore 
[debug] [2023-04-10T09:32:10.070Z] [
  {
    "config": {
      "public": "build",
      "ignore": [
        "firebase.json",
        "**/.*",
        "**/node_modules/**"
      ],
      "rewrites": [
        {
          "source": "**",
          "destination": "/index.html"
        }
      ],
      "site": "fir-app-57788"
    },
    "version": "projects/952323488305/sites/fir-app-57788/versions/f3d95fe862e2a89f"
  }
]
[info] i  hosting[fir-app-57788]: finalizing version... 
[debug] [2023-04-10T09:32:10.073Z] >>> [apiv2][query] PATCH https://firebasehosting.googleapis.com/v1beta1/projects/-/sites/fir-app-57788/versions/f3d95fe862e2a89f updateMask=status%2Cconfig
[debug] [2023-04-10T09:32:10.073Z] >>> [apiv2][body] PATCH https://firebasehosting.googleapis.com/v1beta1/projects/-/sites/fir-app-57788/versions/f3d95fe862e2a89f {"status":"FINALIZED","config":{"rewrites":[{"glob":"**","path":"/index.html"}]}}
